2003 03 01 1.5951 0.5470 0.3347 5714 87.0000 6254
2003 04 01 1.4277 0.4406 0.3644 8641 89.0000 9279
2003 06 01 1.2523 0.3261 0.3968 19908 93.0000 20822
2003 07 01 1.2574 0.3240 0.3975 23873 95.0000 25224
2003 08 01 1.2692 0.3274 0.3865 27085 94.0000 28429
2003 09 01 1.2970 0.3491 0.3761 27749 93.0000 29649
2003 10 01 1.2992 0.3475 0.3604 28368 93.0000 30895
2003 12 01 1.4351 0.4503 0.3170 19193 85.0000 22924
2004 01 01 1.5460 0.5144 0.3248 10433 83.0000 11997
2004 02 01 1.6156 0.5522 0.3114 5917 83.0000 7108
2004 03 01 1.6222 0.5578 0.3227 5402 84.0000 6115
2004 04 01 1.4083 0.4239 0.3445 8656 90.0000 9494
2004 05 01 1.3077 0.3627 0.3760 13499 93.0000 14461
2004 06 01 1.2829 0.3406 0.3737 18851 93.0000 19930
2004 07 01 1.2634 0.3393 0.4016 23890 95.0000 24932
2004 08 01 1.2753 0.3392 0.3965 27751 94.0000 28625
2004 09 01 1.2673 0.3286 0.3906 29861 94.0000 31058
2004 10 01 1.2745 0.3421 0.3708 29276 94.0000 31205
2004 11 01 1.3053 0.3513 0.3519 27312 91.0000 28989
2004 12 01 1.4205 0.4290 0.3165 18105 88.0000 22487
2004 12 31 1.5560 0.5248 0.3272 9727 83.0000 11468
2005 03 01 1.7071 0.6152 0.3246 5077 81.0000 5400
2005 05 01 1.3119 0.3567 0.3584 13201 92.0000 13949
2005 06 01 1.2729 0.3392 0.3772 18283 94.0000 19458
2005 07 01 1.3098 0.3598 0.3827 23209 93.0000 24419
2005 08 01 1.2696 0.3311 0.3785 27305 94.0000 28990
2005 09 01 1.2722 0.3316 0.3827 28430 94.0000 29992
2005 10 01 1.2652 0.3260 0.3817 30285 93.0000 31763
2005 11 01 1.2730 0.3348 0.3498 26549 92.0000 29440
2005 12 01 1.4555 0.4585 0.2979 19351 86.0000 22597
2006 01 01 1.6068 0.5696 0.3354 8733 80.0000 9991
2006 02 01 1.6622 0.5830 0.3369 4592 83.0000 4887
2006 03 01 1.7091 0.6107 0.3205 4231 81.0000 4498
2006 04 01 1.4937 0.4818 0.3409 6900 86.0000 7451
2006 05 01 1.3281 0.3684 0.3727 11514 91.0000 12222
2006 06 01 1.2722 0.3372 0.3906 18320 93.0000 19189
2006 07 01 1.2428 0.3136 0.3828 23595 94.0000 24467
2006 08 01 1.2598 0.3263 0.3855 26241 94.0000 28060
2006 09 01 1.2388 0.2975 0.3962 30047 94.0000 31409
2006 10 01 1.2713 0.3257 0.3818 29766 93.0000 31665
2006 11 01 1.2943 0.3421 0.3490 27323 92.0000 29633
2006 12 01 1.4445 0.4466 0.3022 18667 86.0000 22304
2007 01 01 1.6134 0.5586 0.2992 9063 81.0000 11104
2007 02 01 1.6420 0.5765 0.3473 4912 82.0000 5419
2007 03 01 1.6931 0.6048 0.3249 4903 82.0000 5398
2007 04 01 1.4338 0.4496 0.3525 7362 88.0000 8017
2007 05 01 1.3204 0.3642 0.3612 11909 91.0000 12846
2007 06 01 1.2659 0.3331 0.3888 18085 93.0000 19258
2007 07 01 1.2881 0.3429 0.3809 23235 94.0000 24278
2007 08 01 1.2679 0.3327 0.3847 26454 94.0000 28523
2007 09 01 1.2578 0.3207 0.3898 29350 94.0000 30541
2007 10 01 1.2339 0.3069 0.3923 29279 94.0000 31480
2007 11 01 1.2731 0.3362 0.3743 26597 92.0000 29158
2007 12 01 1.3396 0.3790 0.3268 20424 91.0000 22922
2008 01 01 1.5312 0.5027 0.2957 11626 82.0000 14838
2008 02 01 1.6623 0.5813 0.3189 6395 81.0000 7177
2008 03 01 1.6393 0.5735 0.3194 6201 83.0000 6902
2008 04 01 1.3797 0.4081 0.3602 9987 90.0000 10928
2008 05 01 1.3110 0.3553 0.3558 14433 92.0000 15580
2008 06 01 1.2774 0.3388 0.3748 19231 94.0000 20457
2008 07 01 1.2416 0.3150 0.3960 23856 95.0000 24805
2008 08 01 1.2828 0.3458 0.3840 26798 94.0000 28139
2008 09 01 1.2754 0.3319 0.3834 28071 94.0000 30037
2008 10 01 1.2683 0.3279 0.3847 28261 93.0000 29982
2008 11 01 1.2406 0.3019 0.3608 27449 93.0000 29396
2008 12 01 1.4207 0.4335 0.3002 18982 87.0000 23534
2009 01 01 1.5812 0.5441 0.3005 10536 81.0000 13050
2009 02 01 1.7049 0.6056 0.3177 5529 79.0000 6334
2009 03 01 1.6425 0.5665 0.3280 5012 82.0000 5461
2009 04 01 1.3723 0.4018 0.3602 9123 90.0000 9910
2009 05 01 1.2987 0.3458 0.3572 13833 93.0000 15113
2009 06 01 1.2762 0.3299 0.3697 18804 94.0000 20369
2009 07 01 1.2704 0.3245 0.3708 23082 94.0000 24880
2009 08 01 1.2722 0.3299 0.3759 26673 94.0000 28404
2009 09 01 1.2894 0.3463 0.3816 29205 94.0000 30785
2009 10 01 1.2720 0.3288 0.3757 29335 94.0000 31199
2009 11 01 1.2796 0.3397 0.3472 26168 94.0000 28459
2009 12 01 1.4387 0.4492 0.3125 18079 86.0000 22322
2009 12 02 1.4386 0.4459 0.3096 17813 86.0000 22040
2010 01 01 1.6270 0.5713 0.3097 10408 80.0000 12333
2010 02 01 1.5957 0.5503 0.3402 5451 84.0000 5984
2010 03 01 1.6663 0.5897 0.3311 4975 83.0000 5385
2010 04 01 1.4120 0.4317 0.3628 7709 89.0000 8328
2010 05 01 1.3065 0.3620 0.3711 13154 92.0000 14037
2010 06 01 1.2325 0.3097 0.3917 20129 94.0000 20893
2010 07 01 1.2275 0.3066 0.3974 25352 95.0000 26162
2010 08 01 1.2491 0.3150 0.3935 28311 95.0000 29334
2010 09 01 1.3333 0.3800 0.3760 29628 93.0000 31115
2010 10 01 1.2643 0.3264 0.3784 29293 94.0000 31103
2010 11 01 1.3120 0.3532 0.3362 26508 92.0000 29442
2010 12 01 1.4608 0.4584 0.2952 19098 85.0000 24299
2011 01 01 1.6522 0.5920 0.3249 9931 80.0000 11458
2011 02 01 1.5763 0.5387 0.3577 4700 85.0000 5010
2011 03 01 1.6482 0.5725 0.3373 4168 83.0000 4500
2011 04 01 1.4712 0.4668 0.3448 6562 88.0000 7155
2011 05 01 1.2903 0.3518 0.3717 12162 92.0000 12990
2011 06 01 1.2603 0.3189 0.3755 18886 94.0000 19870
2011 07 01 1.2888 0.3436 0.3676 21404 94.0000 23641